<?xml version="1.0" encoding="UTF-8"?>
<!-- Generated by org.testng.reporters.JUnitReportReporter -->
<testsuite hostname="LAPTOP-R1SEQE9U" failures="0" tests="2" name="mvnLearningPNaik.MavenTestJava.RestAPITest" time="0.004" errors="0" timestamp="2020-05-09T23:30:00 BST" skipped="0">
  <testcase classname="mvnLearningPNaik.MavenTestJava.RestAPITest" name="RestAPI_Register" time="0.004"/>
  <system-out/>
  <testcase classname="mvnLearningPNaik.MavenTestJava.RestAPITest" name="RestAPI_Login" time="0.000"/>
  <system-out/>
</testsuite> <!-- mvnLearningPNaik.MavenTestJava.RestAPITest -->
