<?xml version="1.0" encoding="UTF-8"?>
<!-- Generated by org.testng.reporters.JUnitReportReporter -->
<testsuite hostname="LAPTOP-R1SEQE9U" failures="0" tests="2" name="mvnLearningPNaik.MavenTestJava.SeleniumTest" time="0.000" errors="0" timestamp="2020-05-09T23:30:00 BST" skipped="0">
  <testcase classname="mvnLearningPNaik.MavenTestJava.SeleniumTest" name="Selenium_Login" time="0.000"/>
  <system-out/>
  <testcase classname="mvnLearningPNaik.MavenTestJava.SeleniumTest" name="Selenium_Register" time="0.000"/>
  <system-out/>
</testsuite> <!-- mvnLearningPNaik.MavenTestJava.SeleniumTest -->
