<?xml version="1.0" encoding="UTF-8"?>
<!-- Generated by org.testng.reporters.JUnitReportReporter -->
<testsuite hostname="LAPTOP-R1SEQE9U" failures="0" tests="2" name="mvnLearningPNaik.MavenTestJava.AppiumTest" time="0.020" errors="0" timestamp="2020-05-09T23:30:00 BST" skipped="0">
  <testcase classname="mvnLearningPNaik.MavenTestJava.AppiumTest" name="Appium_Login" time="0.020"/>
  <system-out/>
  <testcase classname="mvnLearningPNaik.MavenTestJava.AppiumTest" name="Appium_Register" time="0.000"/>
  <system-out/>
</testsuite> <!-- mvnLearningPNaik.MavenTestJava.AppiumTest -->
